 Total Nb of available Diagnostics: ndiagt=   227
------------------------------------------------------------------------------------
  Num  |<-Name->|Levs|  mate |<- code ->|<--  Units   -->|<- Tile (max=80c)         
------------------------------------------------------------------------------------
     1 |SDIAG1  |  1 |       |SM      L1|user-defined    |User-Defined   Surface   Diagnostic  #1
     2 |SDIAG2  |  1 |       |SM      L1|user-defined    |User-Defined   Surface   Diagnostic  #2
     3 |SDIAG3  |  1 |       |SM      L1|user-defined    |User-Defined   Surface   Diagnostic  #3
     4 |SDIAG4  |  1 |       |SM      L1|user-defined    |User-Defined   Surface   Diagnostic  #4
     5 |SDIAG5  |  1 |       |SM      L1|user-defined    |User-Defined   Surface   Diagnostic  #5
     6 |SDIAG6  |  1 |       |SM      L1|user-defined    |User-Defined   Surface   Diagnostic  #6
     7 |SDIAG7  |  1 |       |SU      L1|user-defined    |User-Defined U.pt Surface Diagnostic #7
     8 |SDIAG8  |  1 |       |SV      L1|user-defined    |User-Defined V.pt Surface Diagnostic #8
     9 |SDIAG9  |  1 |    10 |UU      L1|user-defined    |User-Defined U.vector Surface Diag.  #9
    10 |SDIAG10 |  1 |     9 |VV      L1|user-defined    |User-Defined V.vector Surface Diag. #10
    11 |UDIAG1  | 15 |       |SM      MR|user-defined    |User-Defined Model-Level Diagnostic  #1
    12 |UDIAG2  | 15 |       |SM      MR|user-defined    |User-Defined Model-Level Diagnostic  #2
    13 |UDIAG3  | 15 |       |SMR     MR|user-defined    |User-Defined Model-Level Diagnostic  #3
    14 |UDIAG4  | 15 |       |SMR     MR|user-defined    |User-Defined Model-Level Diagnostic  #4
    15 |UDIAG5  | 15 |       |SU      MR|user-defined    |User-Defined U.pt Model-Level Diag.  #5
    16 |UDIAG6  | 15 |       |SV      MR|user-defined    |User-Defined V.pt Model-Level Diag.  #6
    17 |UDIAG7  | 15 |    18 |UUR     MR|user-defined    |User-Defined U.vector Model-Lev Diag.#7
    18 |UDIAG8  | 15 |    17 |VVR     MR|user-defined    |User-Defined V.vector Model-Lev Diag.#8
    19 |UDIAG9  | 15 |       |SM      ML|user-defined    |User-Defined Phys-Level  Diagnostic  #9
    20 |UDIAG10 | 15 |       |SM      ML|user-defined    |User-Defined Phys-Level  Diagnostic #10
    21 |SDIAGC  |  1 |    22 |SM  C   L1|user-defined    |User-Defined Counted Surface Diagnostic
    22 |SDIAGCC |  1 |       |SM      L1|count           |User-Defined Surface Diagnostic Counter
    23 |ETAN    |  1 |       |SM      M1|m               |Surface Height Anomaly
    24 |ETANSQ  |  1 |       |SM P    M1|m^2             |Square of Surface Height Anomaly
    25 |DETADT2 |  1 |       |SM      M1|m^2/s^2         |Square of Surface Height Anomaly Tendency
    26 |THETA   | 15 |       |SMR     MR|degC            |Potential Temperature
    27 |SALT    | 15 |       |SMR     MR|psu             |Salinity
    28 |RELHUM  | 15 |       |SMR     MR|percent         |Relative Humidity
    29 |SALTanom| 15 |       |SMR     MR|psu             |Salt anomaly (=SALT-35; g/kg)
    30 |UVEL    | 15 |    31 |UUR     MR|m/s             |Zonal Component of Velocity (m/s)
    31 |VVEL    | 15 |    30 |VVR     MR|m/s             |Meridional Component of Velocity (m/s)
    32 |WVEL    | 15 |       |WM      LR|m/s             |Vertical Component of Velocity (r_units/s)
    33 |THETASQ | 15 |       |SMRP    MR|degC^2          |Square of Potential Temperature
    34 |SALTSQ  | 15 |       |SMRP    MR|(psu)^2         |Square of Salinity
    35 |SALTSQan| 15 |       |SMRP    MR|(psu)^2         |Square of Salt anomaly (=(SALT-35)^2 (g^2/kg^2)
    36 |UVELSQ  | 15 |    37 |UURP    MR|m^2/s^2         |Square of Zonal Comp of Velocity (m^2/s^2)
    37 |VVELSQ  | 15 |    36 |VVRP    MR|m^2/s^2         |Square of Meridional Comp of Velocity (m^2/s^2)
    38 |WVELSQ  | 15 |       |WM P    LR|m^2/s^2         |Square of Vertical Comp of Velocity
    39 |UE_VEL_C| 15 |    40 |UMR     MR|m/s             |Eastward Velocity (m/s) (cell center)
    40 |VN_VEL_C| 15 |    39 |VMR     MR|m/s             |Northward Velocity (m/s) (cell center)
    41 |UV_VEL_C| 15 |    41 |UMR     MR|m^2/s^2         |Product of horizontal Comp of velocity (cell center)
    42 |UV_VEL_Z| 15 |    42 |UZR     MR|m^2/s^2         |Meridional Transport of Zonal Momentum (m^2/s^2)
    43 |WU_VEL  | 15 |       |WU      LR|m.m/s^2         |Vertical Transport of Zonal Momentum
    44 |WV_VEL  | 15 |       |WV      LR|m.m/s^2         |Vertical Transport of Meridional Momentum
    45 |UVELMASS| 15 |    46 |UUr     MR|m/s             |Zonal Mass-Weighted Comp of Velocity (m/s)
    46 |VVELMASS| 15 |    45 |VVr     MR|m/s             |Meridional Mass-Weighted Comp of Velocity (m/s)
    47 |WVELMASS| 15 |       |WM      LR|m/s             |Vertical Mass-Weighted Comp of Velocity
    48 |PhiVEL  | 15 |    45 |SMR P   MR|m^2/s           |Horizontal Velocity Potential (m^2/s)
    49 |PsiVEL  | 15 |    48 |SZ  P   MR|m.m^2/s         |Horizontal Velocity Stream-Function
    50 |UTHMASS | 15 |    51 |UUr     MR|degC.m/s        |Zonal Mass-Weight Transp of Pot Temp
    51 |VTHMASS | 15 |    50 |VVr     MR|degC.m/s        |Meridional Mass-Weight Transp of Pot Temp
    52 |WTHMASS | 15 |       |WM      LR|degC.m/s        |Vertical Mass-Weight Transp of Pot Temp (K.m/s)
    53 |USLTMASS| 15 |    54 |UUr     MR|psu.m/s         |Zonal Mass-Weight Transp of Salinity
    54 |VSLTMASS| 15 |    53 |VVr     MR|psu.m/s         |Meridional Mass-Weight Transp of Salinity
    55 |WSLTMASS| 15 |       |WM      LR|psu.m/s         |Vertical Mass-Weight Transp of Salinity
    56 |UVELTH  | 15 |    57 |UUR     MR|degC.m/s        |Zonal Transport of Pot Temp
    57 |VVELTH  | 15 |    56 |VVR     MR|degC.m/s        |Meridional Transport of Pot Temp
    58 |WVELTH  | 15 |       |WM      LR|degC.m/s        |Vertical Transport of Pot Temp
    59 |UVELSLT | 15 |    60 |UUR     MR|psu.m/s         |Zonal Transport of Salinity
    60 |VVELSLT | 15 |    59 |VVR     MR|psu.m/s         |Meridional Transport of Salinity
    61 |WVELSLT | 15 |       |WM      LR|psu.m/s         |Vertical Transport of Salinity
    62 |UVELPHI | 15 |    63 |UUr     MR|m^3/s^3         |Zonal Mass-Weight Transp of Pressure Pot.(p/rho) Anomaly
    63 |VVELPHI | 15 |    62 |VVr     MR|m^3/s^3         |Merid. Mass-Weight Transp of Pressure Pot.(p/rho) Anomaly
    64 |RHOAnoma| 15 |       |SMR     MR|kg/m^3          |Density Anomaly (=Rho-rhoConst)
    65 |RHOANOSQ| 15 |       |SMRP    MR|kg^2/m^6        |Square of Density Anomaly (=(Rho-rhoConst)^2)
    66 |URHOMASS| 15 |    67 |UUr     MR|kg/m^2/s        |Zonal Transport of Density
    67 |VRHOMASS| 15 |    66 |VVr     MR|kg/m^2/s        |Meridional Transport of Density
    68 |WRHOMASS| 15 |       |WM      LR|kg/m^2/s        |Vertical Transport of Density
    69 |WdRHO_P | 15 |       |WM      LR|kg/m^2/s        |Vertical velocity times delta^k(Rho)_at-const-P
    70 |WdRHOdP | 15 |       |WM      LR|kg/m^2/s        |Vertical velocity times delta^k(Rho)_at-const-T,S
    71 |PHIHYD  | 15 |       |SMR     MR|m^2/s^2         |Hydrostatic Pressure Pot.(p/rho) Anomaly
    72 |PHIHYDSQ| 15 |       |SMRP    MR|m^4/s^4         |Square of Hyd. Pressure Pot.(p/rho) Anomaly
    73 |PHIBOT  |  1 |       |SM      M1|m^2/s^2         |Bottom Pressure Pot.(p/rho) Anomaly
    74 |PHIBOTSQ|  1 |       |SM P    M1|m^4/s^4         |Square of Bottom Pressure Pot.(p/rho) Anomaly
    75 |PHI_SURF|  1 |       |SM      M1|m^2/s^2         |Surface Dynamical Pressure Pot.(p/rho)
    76 |PHIHYDcR| 15 |       |SMR     MR|m^2/s^2         |Hydrostatic Pressure Pot.(p/rho) Anomaly @ const r
    77 |MXLDEPTH|  1 |       |SM      M1|m               |Mixed-Layer Depth (>0)
    78 |DRHODR  | 15 |       |SM      LR|kg/m^4          |Stratification: d.Sigma/dr (kg/m3/r_unit)
    79 |CONVADJ | 15 |       |SMR     LR|fraction        |Convective Adjustment Index [0-1]
    80 |oceTAUX |  1 |    81 |UU      U1|N/m^2           |zonal surface wind stress, >0 increases uVel
    81 |oceTAUY |  1 |    80 |VV      U1|N/m^2           |meridional surf. wind stress, >0 increases vVel
    82 |atmPload|  1 |       |SM      U1|Pa              |Atmospheric pressure loading anomaly (vs surf_pRef)
    83 |sIceLoad|  1 |       |SM      U1|kg/m^2          |sea-ice loading (in Mass of ice+snow / area unit)
    84 |oceFWflx|  1 |       |SM      U1|kg/m^2/s        |net surface Fresh-Water flux into the ocean (+=down), >0 decreases salinity
    85 |oceSflux|  1 |       |SM      U1|g/m^2/s         |net surface Salt flux into the ocean (+=down), >0 increases salinity
    86 |oceQnet |  1 |       |SM      U1|W/m^2           |net surface heat flux into the ocean (+=down), >0 increases theta
    87 |oceQsw  |  1 |       |SM      U1|W/m^2           |net Short-Wave radiation (+=down), >0 increases theta
    88 |oceFreez|  1 |       |SM      U1|W/m^2           |heating from freezing of sea-water (allowFreezing=T)
    89 |TRELAX  |  1 |       |SM      U1|W/m^2           |surface temperature relaxation, >0 increases theta
    90 |SRELAX  |  1 |       |SM      U1|g/m^2/s         |surface salinity relaxation, >0 increases salt
    91 |surForcT|  1 |       |SM      U1|W/m^2           |model surface forcing for Temperature, >0 increases theta
    92 |surForcS|  1 |       |SM      U1|g/m^2/s         |model surface forcing for Salinity, >0 increases salinity
    93 |TFLUX   |  1 |       |SM      U1|W/m^2           |total heat flux (match heat-content variations), >0 increases theta
    94 |SFLUX   |  1 |       |SM      U1|g/m^2/s         |total salt flux (match salt-content variations), >0 increases salt
    95 |RCENTER | 15 |       |SM      MR|m               |Cell-Center Height
    96 |RSURF   |  1 |       |SM      M1|m               |Surface Height
    97 |hFactorC| 15 |       |SMr     MR|1               |Center cell-thickness fraction [-]
    98 |hFactorW| 15 |    99 |SUr     MR|1               |Western-Edge cell-thickness fraction [-]
    99 |hFactorS| 15 |    98 |SVr     MR|1               |Southern-Edge cell-thickness fraction [-]
------------------------------------------------------------------------------------
  Num  |<-Name->|Levs|  mate |<- code ->|<--  Units   -->|<- Tile (max=80c)         
------------------------------------------------------------------------------------
   100 |TOTUTEND| 15 |   101 |UUR     MR|m/s/day         |Tendency of Zonal Component of Velocity
   101 |TOTVTEND| 15 |   100 |VVR     MR|m/s/day         |Tendency of Meridional Component of Velocity
   102 |TOTTTEND| 15 |       |SMR     MR|degC/day        |Tendency of Potential Temperature
   103 |TOTSTEND| 15 |       |SMR     MR|psu/day         |Tendency of Salinity
   104 |MoistCor| 15 |       |SM      MR|W/m^2           |Heating correction due to moist thermodynamics
   105 |gT_Forc | 15 |       |SMR     MR|degC/s          |Potential Temp. forcing tendency
   106 |gS_Forc | 15 |       |SMR     MR|psu/s           |Salinity forcing tendency
   107 |AB_gT   | 15 |       |SMR     MR|degC/s          |Potential Temp. tendency from Adams-Bashforth
   108 |AB_gS   | 15 |       |SMR     MR|psu/s           |Salinity tendency from Adams-Bashforth
   109 |gTinAB  | 15 |       |SMR     MR|degC/s          |Potential Temp. tendency going in Adams-Bashforth
   110 |gSinAB  | 15 |       |SMR     MR|psu/s           |Salinity tendency going in Adams-Bashforth
   111 |AB_gU   | 15 |   112 |UUR     MR|m/s^2           |U momentum tendency from Adams-Bashforth
   112 |AB_gV   | 15 |   111 |VVR     MR|m/s^2           |V momentum tendency from Adams-Bashforth
   113 |ADVr_TH | 15 |       |WM      LR|degC.m^3/s      |Vertical   Advective Flux of Pot.Temperature
   114 |ADVx_TH | 15 |   115 |UU      MR|degC.m^3/s      |Zonal      Advective Flux of Pot.Temperature
   115 |ADVy_TH | 15 |   114 |VV      MR|degC.m^3/s      |Meridional Advective Flux of Pot.Temperature
   116 |DFrE_TH | 15 |       |WM      LR|degC.m^3/s      |Vertical Diffusive Flux of Pot.Temperature (Explicit part)
   117 |DFxE_TH | 15 |   118 |UU      MR|degC.m^3/s      |Zonal      Diffusive Flux of Pot.Temperature
   118 |DFyE_TH | 15 |   117 |VV      MR|degC.m^3/s      |Meridional Diffusive Flux of Pot.Temperature
   119 |DFrI_TH | 15 |       |WM      LR|degC.m^3/s      |Vertical Diffusive Flux of Pot.Temperature (Implicit part)
   120 |ADVr_SLT| 15 |       |WM      LR|psu.m^3/s       |Vertical   Advective Flux of Salinity
   121 |ADVx_SLT| 15 |   122 |UU      MR|psu.m^3/s       |Zonal      Advective Flux of Salinity
   122 |ADVy_SLT| 15 |   121 |VV      MR|psu.m^3/s       |Meridional Advective Flux of Salinity
   123 |DFrE_SLT| 15 |       |WM      LR|psu.m^3/s       |Vertical Diffusive Flux of Salinity    (Explicit part)
   124 |DFxE_SLT| 15 |   125 |UU      MR|psu.m^3/s       |Zonal      Diffusive Flux of Salinity
   125 |DFyE_SLT| 15 |   124 |VV      MR|psu.m^3/s       |Meridional Diffusive Flux of Salinity
   126 |DFrI_SLT| 15 |       |WM      LR|psu.m^3/s       |Vertical Diffusive Flux of Salinity    (Implicit part)
   127 |SALTFILL| 15 |       |SM      MR|psu.m^3/s       |Filling of Negative Values of Salinity
   128 |VISCAHZ | 15 |       |SZ      MR|m^2/s           |Harmonic Visc Coefficient (m2/s) (Zeta Pt)
   129 |VISCA4Z | 15 |       |SZ      MR|m^4/s           |Biharmonic Visc Coefficient (m4/s) (Zeta Pt)
   130 |VISCAHD | 15 |       |SM      MR|m^2/s           |Harmonic Viscosity Coefficient (m2/s) (Div Pt)
   131 |VISCA4D | 15 |       |SM      MR|m^4/s           |Biharmonic Viscosity Coefficient (m4/s) (Div Pt)
   132 |VISCAHW | 15 |       |WM      LR|m^2/s           |Harmonic Viscosity Coefficient (m2/s) (W Pt)
   133 |VISCA4W | 15 |       |WM      LR|m^4/s           |Biharmonic Viscosity Coefficient (m4/s) (W Pt)
   134 |VAHZMAX | 15 |       |SZ      MR|m^2/s           |CFL-MAX Harm Visc Coefficient (m2/s) (Zeta Pt)
   135 |VA4ZMAX | 15 |       |SZ      MR|m^4/s           |CFL-MAX Biharm Visc Coefficient (m4/s) (Zeta Pt)
   136 |VAHDMAX | 15 |       |SM      MR|m^2/s           |CFL-MAX Harm Visc Coefficient (m2/s) (Div Pt)
   137 |VA4DMAX | 15 |       |SM      MR|m^4/s           |CFL-MAX Biharm Visc Coefficient (m4/s) (Div Pt)
   138 |VAHZMIN | 15 |       |SZ      MR|m^2/s           |RE-MIN Harm Visc Coefficient (m2/s) (Zeta Pt)
   139 |VA4ZMIN | 15 |       |SZ      MR|m^4/s           |RE-MIN Biharm Visc Coefficient (m4/s) (Zeta Pt)
   140 |VAHDMIN | 15 |       |SM      MR|m^2/s           |RE-MIN Harm Visc Coefficient (m2/s) (Div Pt)
   141 |VA4DMIN | 15 |       |SM      MR|m^4/s           |RE-MIN Biharm Visc Coefficient (m4/s) (Div Pt)
   142 |VAHZLTH | 15 |       |SZ      MR|m^2/s           |Leith Harm Visc Coefficient (m2/s) (Zeta Pt)
   143 |VA4ZLTH | 15 |       |SZ      MR|m^4/s           |Leith Biharm Visc Coefficient (m4/s) (Zeta Pt)
   144 |VAHDLTH | 15 |       |SM      MR|m^2/s           |Leith Harm Visc Coefficient (m2/s) (Div Pt)
   145 |VA4DLTH | 15 |       |SM      MR|m^4/s           |Leith Biharm Visc Coefficient (m4/s) (Div Pt)
   146 |VAHZLTHD| 15 |       |SZ      MR|m^2/s           |LeithD Harm Visc Coefficient (m2/s) (Zeta Pt)
   147 |VA4ZLTHD| 15 |       |SZ      MR|m^4/s           |LeithD Biharm Visc Coefficient (m4/s) (Zeta Pt)
   148 |VAHDLTHD| 15 |       |SM      MR|m^2/s           |LeithD Harm Visc Coefficient (m2/s) (Div Pt)
   149 |VA4DLTHD| 15 |       |SM      MR|m^4/s           |LeithD Biharm Visc Coefficient (m4/s) (Div Pt)
   150 |VAHZSMAG| 15 |       |SZ      MR|m^2/s           |Smagorinsky Harm Visc Coefficient (m2/s) (Zeta Pt)
   151 |VA4ZSMAG| 15 |       |SZ      MR|m^4/s           |Smagorinsky Biharm Visc Coeff. (m4/s) (Zeta Pt)
   152 |VAHDSMAG| 15 |       |SM      MR|m^2/s           |Smagorinsky Harm Visc Coefficient (m2/s) (Div Pt)
   153 |VA4DSMAG| 15 |       |SM      MR|m^4/s           |Smagorinsky Biharm Visc Coeff. (m4/s) (Div Pt)
   154 |momKE   | 15 |       |SMR     MR|m^2/s^2         |Kinetic Energy (in momentum Eq.)
   155 |momHDiv | 15 |       |SMR     MR|s^-1            |Horizontal Divergence (in momentum Eq.)
   156 |momVort3| 15 |       |SZR     MR|s^-1            |3rd component (vertical) of Vorticity
   157 |Strain  | 15 |       |SZR     MR|s^-1            |Horizontal Strain of Horizontal Velocities
   158 |Tension | 15 |       |SMR     MR|s^-1            |Horizontal Tension of Horizontal Velocities
   159 |Stretch | 15 |       |SM      MR|s^-1            |Vortex stretching from QG Leith dynamic viscosity
   160 |USidDrag| 15 |   161 |UUR     MR|m/s^2           |U momentum tendency from Side Drag
   161 |VSidDrag| 15 |   160 |VVR     MR|m/s^2           |V momentum tendency from Side Drag
   162 |Um_Diss | 15 |   163 |UUR     MR|m/s^2           |U momentum tendency from Dissipation (Explicit part)
   163 |Vm_Diss | 15 |   162 |VVR     MR|m/s^2           |V momentum tendency from Dissipation (Explicit part)
   164 |Um_ImplD| 15 |   165 |UUR     MR|m/s^2           |U momentum tendency from Dissipation (Implicit part)
   165 |Vm_ImplD| 15 |   164 |VVR     MR|m/s^2           |V momentum tendency from Dissipation (Implicit part)
   166 |Um_Advec| 15 |   167 |UUR     MR|m/s^2           |U momentum tendency from Advection terms
   167 |Vm_Advec| 15 |   166 |VVR     MR|m/s^2           |V momentum tendency from Advection terms
   168 |Um_Cori | 15 |   169 |UUR     MR|m/s^2           |U momentum tendency from Coriolis term
   169 |Vm_Cori | 15 |   168 |VVR     MR|m/s^2           |V momentum tendency from Coriolis term
   170 |Um_dPhiX| 15 |   171 |UUR     MR|m/s^2           |U momentum tendency from Pressure/Potential grad
   171 |Vm_dPhiY| 15 |   170 |VVR     MR|m/s^2           |V momentum tendency from Pressure/Potential grad
   172 |Um_Ext  | 15 |   173 |UUR     MR|m/s^2           |U momentum tendency from external forcing
   173 |Vm_Ext  | 15 |   172 |VVR     MR|m/s^2           |V momentum tendency from external forcing
   174 |Um_AdvZ3| 15 |   175 |UUR     MR|m/s^2           |U momentum tendency from Vorticity Advection
   175 |Vm_AdvZ3| 15 |   174 |VVR     MR|m/s^2           |V momentum tendency from Vorticity Advection
   176 |Um_AdvRe| 15 |   177 |UUR     MR|m/s^2           |U momentum tendency from vertical Advection (Explicit part)
   177 |Vm_AdvRe| 15 |   176 |VVR     MR|m/s^2           |V momentum tendency from vertical Advection (Explicit part)
   178 |botTauX |  1 |   179 |UU      U1|N/m^2           |zonal bottom stress, >0 increases uVel
   179 |botTauY |  1 |   178 |VV      U1|N/m^2           |meridional bottom stress, >0 increases vVel
   180 |ADVx_Um | 15 |   181 |UM      MR|m^4/s^2         |Zonal      Advective Flux of U momentum
   181 |ADVy_Um | 15 |   180 |VZ      MR|m^4/s^2         |Meridional Advective Flux of U momentum
   182 |ADVrE_Um| 15 |       |WU      LR|m^4/s^2         |Vertical   Advective Flux of U momentum (Explicit part)
   183 |ADVx_Vm | 15 |   184 |UZ      MR|m^4/s^2         |Zonal      Advective Flux of V momentum
   184 |ADVy_Vm | 15 |   183 |VM      MR|m^4/s^2         |Meridional Advective Flux of V momentum
   185 |ADVrE_Vm| 15 |       |WV      LR|m^4/s^2         |Vertical   Advective Flux of V momentum (Explicit part)
   186 |VISCx_Um| 15 |   187 |UM      MR|m^4/s^2         |Zonal      Viscous Flux of U momentum
   187 |VISCy_Um| 15 |   186 |VZ      MR|m^4/s^2         |Meridional Viscous Flux of U momentum
   188 |VISrE_Um| 15 |       |WU      LR|m^4/s^2         |Vertical   Viscous Flux of U momentum (Explicit part)
   189 |VISrI_Um| 15 |       |WU      LR|m^4/s^2         |Vertical   Viscous Flux of U momentum (Implicit part)
   190 |VISCx_Vm| 15 |   191 |UZ      MR|m^4/s^2         |Zonal      Viscous Flux of V momentum
   191 |VISCy_Vm| 15 |   190 |VM      MR|m^4/s^2         |Meridional Viscous Flux of V momentum
   192 |VISrE_Vm| 15 |       |WV      LR|m^4/s^2         |Vertical   Viscous Flux of V momentum (Explicit part)
   193 |VISrI_Vm| 15 |       |WV      LR|m^4/s^2         |Vertical   Viscous Flux of V momentum (Implicit part)
   194 |GM_VisbK|  1 |       |SM P    M1|m^2/s           |Mixing coefficient from Visbeck etal parameterization
   195 |GM_hTrsL|  1 |       |SM P    M1|m               |Base depth (>0) of the Transition Layer
   196 |GM_baseS|  1 |       |SM P    M1|1               |Slope at the base of the Transition Layer
   197 |GM_rLamb|  1 |       |SM P    M1|1/m             |Slope vertical gradient at Trans. Layer Base (=recip.Lambda)
   198 |SubMesLf|  1 |       |SM P    M1|m               |Sub-Meso horiz. Length Scale (Lf)
   199 |SubMpsiX|  1 |   200 |UU      M1|m^2/s           |Sub-Meso transp.stream-funct. magnitude (Psi0): U component
------------------------------------------------------------------------------------
  Num  |<-Name->|Levs|  mate |<- code ->|<--  Units   -->|<- Tile (max=80c)         
------------------------------------------------------------------------------------
   200 |SubMpsiY|  1 |   199 |VV      M1|m^2/s           |Sub-Meso transp.stream-funct. magnitude (Psi0): V component
   201 |GM_Kux  | 15 |   202 |UU P    MR|m^2/s           |K_11 element (U.point, X.dir) of GM-Redi tensor
   202 |GM_Kvy  | 15 |   201 |VV P    MR|m^2/s           |K_22 element (V.point, Y.dir) of GM-Redi tensor
   203 |GM_Kuz  | 15 |   204 |UU      MR|m^2/s           |K_13 element (U.point, Z.dir) of GM-Redi tensor
   204 |GM_Kvz  | 15 |   203 |VV      MR|m^2/s           |K_23 element (V.point, Z.dir) of GM-Redi tensor
   205 |GM_Kwx  | 15 |   206 |UM      LR|m^2/s           |K_31 element (W.point, X.dir) of GM-Redi tensor
   206 |GM_Kwy  | 15 |   205 |VM      LR|m^2/s           |K_32 element (W.point, Y.dir) of GM-Redi tensor
   207 |GM_Kwz  | 15 |       |WM P    LR|m^2/s           |K_33 element (W.point, Z.dir) of GM-Redi tensor
   208 |GM_PsiX | 15 |   209 |UU      LR|m^2/s           |GM Bolus transport stream-function : U component
   209 |GM_PsiY | 15 |   208 |VV      LR|m^2/s           |GM Bolus transport stream-function : V component
   210 |GM_KuzTz| 15 |   211 |UU      MR|degC.m^3/s      |Redi Off-diagonal Temperature flux: X component
   211 |GM_KvzTz| 15 |   210 |VV      MR|degC.m^3/s      |Redi Off-diagonal Temperature flux: Y component
   212 |GM_KwzTz| 15 |       |WM      LR|degC.m^3/s      |Redi main-diagonal vertical Temperature flux
   213 |GM_ubT  | 15 |   214 |UUr     MR|degC.m^3/s      |Zonal Mass-Weight Bolus Transp of Pot Temp
   214 |GM_vbT  | 15 |   213 |VVr     MR|degC.m^3/s      |Meridional Mass-Weight Bolus Transp of Pot Temp
   215 |GM_BVPcW|  1 |   216 |SU P    M1|m/s             |WKB wave speed (at Western edge location)
   216 |GM_BVPcS|  1 |   215 |SV P    M1|m/s             |WKB wave speed (at Southern edge location)
   217 |diOBSta1| 15 |       |SM      MR|unit            |Scalar state variable 1 for package diagnostics_ob
   218 |diOBSta2| 15 |       |SM      MR|unit            |Scalar state variable 2 for package diagnostics_ob
   219 |diOBStaU| 15 |   220 |UU      MR|unit            |uVel-type state variable for package diagnostics_ob
   220 |diOBStaV| 15 |   219 |VV      MR|unit            |vVel-type state variable for package diagnostics_ob
   221 |diOBSur1|  1 |       |SM      L1|unit            |Surface field 1 for package diagnostics_ob
   222 |diOBSur2|  1 |       |SM      L1|unit            |Surface field 2 for package diagnostics_ob
   223 |diOBdTdt| 15 |       |SMR     MR|K/s             | Pot.Temp. tendency from package diagnostics_ob
   224 |diOBdSdt| 15 |       |SMR     MR|psu/s           | Salinity  tendency from package diagnostics_ob
   225 |diOBdUdt| 15 |   226 |UUR     MR|m/s^2           |u-Velocity tendency from package diagnostics_ob
   226 |diOBdVdt| 15 |   225 |VVR     MR|m/s^2           |v-Velocity tendency from package diagnostics_ob
   227 |diOBLev3|  3 |       |SM      MX|unit            |3-levels field for package diagnostics_ob
------------------------------------------------------------------------------------
  Num  |<-Name->|Levs|  mate |<- code ->|<--  Units   -->|<- Tile (max=80c)         
------------------------------------------------------------------------------------
