
running: find_possible_optfile()
  The platform appears to be:  linux_amd64
  look for possible FORTRAN compilers
efc -o genmake_hello genmake_hello.f
/home/mitgcm/Work/MITgcm/tools/genmake2: line 552: efc: command not found
gfortran -o genmake_hello genmake_hello.f
 gfortran test successful
g77 -o genmake_hello genmake_hello.f
/home/mitgcm/Work/MITgcm/tools/genmake2: line 552: g77: command not found
f77 -o genmake_hello genmake_hello.f
 f77 test successful
pgf77 -o genmake_hello genmake_hello.f
/home/mitgcm/Work/MITgcm/tools/genmake2: line 552: pgf77: command not found
pgf95 -o genmake_hello genmake_hello.f
/home/mitgcm/Work/MITgcm/tools/genmake2: line 552: pgf95: command not found
ifc -o genmake_hello genmake_hello.f
/home/mitgcm/Work/MITgcm/tools/genmake2: line 552: ifc: command not found
ifort -o genmake_hello genmake_hello.f
/home/mitgcm/Work/MITgcm/tools/genmake2: line 552: ifort: command not found
f90 -o genmake_hello genmake_hello.f
/home/mitgcm/Work/MITgcm/tools/genmake2: line 552: f90: command not found
f95 -o genmake_hello genmake_hello.f
 f95 test successful
mpif77 -o genmake_hello genmake_hello.f
 mpif77 test successful
mpf77 -o genmake_hello genmake_hello.f
/home/mitgcm/Work/MITgcm/tools/genmake2: line 552: mpf77: command not found
mpxlf95 -o genmake_hello genmake_hello.f
/home/mitgcm/Work/MITgcm/tools/genmake2: line 552: mpxlf95: command not found
g95 -o genmake_hello genmake_hello.f
/home/mitgcm/Work/MITgcm/tools/genmake2: line 552: g95: command not found
  The possible FORTRAN compilers found in your path are:  gfortran f77 f95 mpif77
  Setting OPTFILE to: /home/mitgcm/Work/MITgcm/tools/build_options/linux_amd64_gfortran
Get compiler version using: mpif77 --version
/usr/bin/mpif77
GNU Fortran (Ubuntu 7.5.0-3ubuntu1~18.04) 7.5.0
Copyright (C) 2017 Free Software Foundation, Inc.
This is free software; see the source for copying conditions.  There is NO
warranty; not even for MERCHANTABILITY or FITNESS FOR A PARTICULAR PURPOSE.

<-- compiler version ----

running: check_fortran_compiler
 mpif77 -fconvert=big-endian -fimplicit-none -mcmodel=medium -O3 -funroll-loops -c genmake_tcomp.f
 mpif77 -fconvert=big-endian -fimplicit-none -mcmodel=medium -O3 -funroll-loops -o genmake_tcomp genmake_tcomp.o -L/usr/lib -lnetcdff -Wl,-Bsymbolic-functions -Wl,-z,relro -Wl,-z,now -lnetcdf -lnetcdf
 mpirun -np 1 ./genmake_tcomp
 hello world :            1
 hello world :            2
 hello world :            3
 --> set FC_CHECK= 5 /5

running: look_for_makedepend()
 --> set MAKEDEPEND=$(TOOLSDIR)/xmakedepend
